Determining if the pthread_create exist failed with the following output:
Change Dir: /home/juan/restaurantConcurrente/build/CMakeFiles/CMakeTmp

Run Build Command:/usr/bin/make "cmTryCompileExec3733543433/fast"
/usr/bin/make -f CMakeFiles/cmTryCompileExec3733543433.dir/build.make CMakeFiles/cmTryCompileExec3733543433.dir/build
make[1]: se ingresa al directorio «/home/juan/restaurantConcurrente/build/CMakeFiles/CMakeTmp»
/usr/bin/cmake -E cmake_progress_report /home/juan/restaurantConcurrente/build/CMakeFiles/CMakeTmp/CMakeFiles 1
Building C object CMakeFiles/cmTryCompileExec3733543433.dir/CheckSymbolExists.c.o
/usr/bin/cc    -o CMakeFiles/cmTryCompileExec3733543433.dir/CheckSymbolExists.c.o   -c /home/juan/restaurantConcurrente/build/CMakeFiles/CMakeTmp/CheckSymbolExists.c
Linking C executable cmTryCompileExec3733543433
/usr/bin/cmake -E cmake_link_script CMakeFiles/cmTryCompileExec3733543433.dir/link.txt --verbose=1
/usr/bin/cc       CMakeFiles/cmTryCompileExec3733543433.dir/CheckSymbolExists.c.o  -o cmTryCompileExec3733543433 -rdynamic 
CMakeFiles/cmTryCompileExec3733543433.dir/CheckSymbolExists.c.o: En la función `main':
CheckSymbolExists.c:(.text+0x16): referencia a `pthread_create' sin definir
collect2: error: ld returned 1 exit status
make[1]: *** [cmTryCompileExec3733543433] Error 1
make[1]: se sale del directorio «/home/juan/restaurantConcurrente/build/CMakeFiles/CMakeTmp»
make: *** [cmTryCompileExec3733543433/fast] Error 2

File /home/juan/restaurantConcurrente/build/CMakeFiles/CMakeTmp/CheckSymbolExists.c:
/* */
#include <pthread.h>

int main(int argc, char** argv)
{
  (void)argv;
#ifndef pthread_create
  return ((int*)(&pthread_create))[argc];
#else
  (void)argc;
  return 0;
#endif
}

Determining if the function pthread_create exists in the pthreads failed with the following output:
Change Dir: /home/juan/restaurantConcurrente/build/CMakeFiles/CMakeTmp

Run Build Command:/usr/bin/make "cmTryCompileExec3848328627/fast"
/usr/bin/make -f CMakeFiles/cmTryCompileExec3848328627.dir/build.make CMakeFiles/cmTryCompileExec3848328627.dir/build
make[1]: se ingresa al directorio «/home/juan/restaurantConcurrente/build/CMakeFiles/CMakeTmp»
/usr/bin/cmake -E cmake_progress_report /home/juan/restaurantConcurrente/build/CMakeFiles/CMakeTmp/CMakeFiles 1
Building C object CMakeFiles/cmTryCompileExec3848328627.dir/CheckFunctionExists.c.o
/usr/bin/cc   -DCHECK_FUNCTION_EXISTS=pthread_create   -o CMakeFiles/cmTryCompileExec3848328627.dir/CheckFunctionExists.c.o   -c /usr/share/cmake-2.8/Modules/CheckFunctionExists.c
Linking C executable cmTryCompileExec3848328627
/usr/bin/cmake -E cmake_link_script CMakeFiles/cmTryCompileExec3848328627.dir/link.txt --verbose=1
/usr/bin/cc   -DCHECK_FUNCTION_EXISTS=pthread_create    CMakeFiles/cmTryCompileExec3848328627.dir/CheckFunctionExists.c.o  -o cmTryCompileExec3848328627 -rdynamic -lpthreads 
/usr/bin/ld: no se puede encontrar -lpthreads
collect2: error: ld returned 1 exit status
make[1]: *** [cmTryCompileExec3848328627] Error 1
make[1]: se sale del directorio «/home/juan/restaurantConcurrente/build/CMakeFiles/CMakeTmp»
make: *** [cmTryCompileExec3848328627/fast] Error 2


